<?xml version="1.0" encoding="UTF-8"?>
<testsuite xmlns:xsi="http://www.w3.org/2001/XMLSchema-instance" xsi:schemaLocation="https://maven.apache.org/surefire/maven-surefire-plugin/xsd/surefire-test-report.xsd" name="org.jpmml.sklearn.ClassifierTest" time="17.495" tests="51" errors="0" skipped="0" failures="0">
  <properties>
    <property name="java.runtime.name" value="OpenJDK Runtime Environment"/>
    <property name="sun.boot.library.path" value="/usr/lib/jvm/java-8-openjdk-amd64/jre/lib/amd64"/>
    <property name="java.vm.version" value="25.121-b13"/>
    <property name="java.vm.vendor" value="Oracle Corporation"/>
    <property name="maven.multiModuleProjectDirectory" value="/home/andrew/machine_learning_testing/jpmml-sklearn-master"/>
    <property name="java.vendor.url" value="http://java.oracle.com/"/>
    <property name="path.separator" value=":"/>
    <property name="guice.disable.misplaced.annotation.check" value="true"/>
    <property name="java.vm.name" value="OpenJDK 64-Bit Server VM"/>
    <property name="file.encoding.pkg" value="sun.io"/>
    <property name="user.country" value="CA"/>
    <property name="sun.java.launcher" value="SUN_STANDARD"/>
    <property name="sun.os.patch.level" value="unknown"/>
    <property name="java.vm.specification.name" value="Java Virtual Machine Specification"/>
    <property name="user.dir" value="/home/andrew/machine_learning_testing/jpmml-sklearn-master"/>
    <property name="java.runtime.version" value="1.8.0_121-8u121-b13-0ubuntu1.16.04.2-b13"/>
    <property name="java.awt.graphicsenv" value="sun.awt.X11GraphicsEnvironment"/>
    <property name="java.endorsed.dirs" value="/usr/lib/jvm/java-8-openjdk-amd64/jre/lib/endorsed"/>
    <property name="os.arch" value="amd64"/>
    <property name="java.io.tmpdir" value="/tmp"/>
    <property name="line.separator" value="&#10;"/>
    <property name="java.vm.specification.vendor" value="Oracle Corporation"/>
    <property name="os.name" value="Linux"/>
    <property name="classworlds.conf" value="/usr/share/maven/bin/m2.conf"/>
    <property name="sun.jnu.encoding" value="UTF-8"/>
    <property name="java.library.path" value="/usr/java/packages/lib/amd64:/usr/lib/x86_64-linux-gnu/jni:/lib/x86_64-linux-gnu:/usr/lib/x86_64-linux-gnu:/usr/lib/jni:/lib:/usr/lib"/>
    <property name="java.specification.name" value="Java Platform API Specification"/>
    <property name="java.class.version" value="52.0"/>
    <property name="sun.management.compiler" value="HotSpot 64-Bit Tiered Compilers"/>
    <property name="os.version" value="4.4.0-53-generic"/>
    <property name="user.home" value="/home/andrew"/>
    <property name="user.timezone" value="America/Halifax"/>
    <property name="java.awt.printerjob" value="sun.print.PSPrinterJob"/>
    <property name="file.encoding" value="UTF-8"/>
    <property name="java.specification.version" value="1.8"/>
    <property name="user.name" value="andrew"/>
    <property name="java.class.path" value="/usr/share/maven/boot/plexus-classworlds-2.x.jar"/>
    <property name="java.vm.specification.version" value="1.8"/>
    <property name="sun.arch.data.model" value="64"/>
    <property name="java.home" value="/usr/lib/jvm/java-8-openjdk-amd64/jre"/>
    <property name="sun.java.command" value="org.codehaus.plexus.classworlds.launcher.Launcher install"/>
    <property name="java.specification.vendor" value="Oracle Corporation"/>
    <property name="user.language" value="en"/>
    <property name="awt.toolkit" value="sun.awt.X11.XToolkit"/>
    <property name="java.vm.info" value="mixed mode"/>
    <property name="java.version" value="1.8.0_121"/>
    <property name="java.ext.dirs" value="/usr/lib/jvm/java-8-openjdk-amd64/jre/lib/ext:/usr/java/packages/lib/ext"/>
    <property name="securerandom.source" value="file:/dev/./urandom"/>
    <property name="sun.boot.class.path" value="/usr/lib/jvm/java-8-openjdk-amd64/jre/lib/resources.jar:/usr/lib/jvm/java-8-openjdk-amd64/jre/lib/rt.jar:/usr/lib/jvm/java-8-openjdk-amd64/jre/lib/sunrsasign.jar:/usr/lib/jvm/java-8-openjdk-amd64/jre/lib/jsse.jar:/usr/lib/jvm/java-8-openjdk-amd64/jre/lib/jce.jar:/usr/lib/jvm/java-8-openjdk-amd64/jre/lib/charsets.jar:/usr/lib/jvm/java-8-openjdk-amd64/jre/lib/jfr.jar:/usr/lib/jvm/java-8-openjdk-amd64/jre/classes"/>
    <property name="java.vendor" value="Oracle Corporation"/>
    <property name="maven.home" value="/usr/share/maven"/>
    <property name="file.separator" value="/"/>
    <property name="java.vendor.url.bug" value="http://bugreport.sun.com/bugreport/"/>
    <property name="sun.cpu.endian" value="little"/>
    <property name="sun.io.unicode.encoding" value="UnicodeLittle"/>
    <property name="sun.desktop" value="gnome"/>
    <property name="sun.cpu.isalist" value=""/>
  </properties>
  <testcase name="evaluateLogisticRegressionEnsembleIris" classname="org.jpmml.sklearn.ClassifierTest" time="0.041"/>
  <testcase name="evaluateDecisionTreeAudit" classname="org.jpmml.sklearn.ClassifierTest" time="0.164"/>
  <testcase name="evaluateRidgeAudit" classname="org.jpmml.sklearn.ClassifierTest" time="0.141"/>
  <testcase name="evaluateXGBAudit" classname="org.jpmml.sklearn.ClassifierTest" time="0.563"/>
  <testcase name="evaluateNuSVCVersicolor" classname="org.jpmml.sklearn.ClassifierTest" time="0.024"/>
  <testcase name="evaluateSGDIris" classname="org.jpmml.sklearn.ClassifierTest" time="0.015"/>
  <testcase name="evaluateMLPVersicolor" classname="org.jpmml.sklearn.ClassifierTest" time="0.017"/>
  <testcase name="evaluateGradientBoostingIris" classname="org.jpmml.sklearn.ClassifierTest" time="0.059"/>
  <testcase name="evaluateDecisionTreeIris" classname="org.jpmml.sklearn.ClassifierTest" time="0.013"/>
  <testcase name="evaluateXGBIris" classname="org.jpmml.sklearn.ClassifierTest" time="0.029"/>
  <testcase name="evaluateLinearDiscriminantAnalysisAudit" classname="org.jpmml.sklearn.ClassifierTest" time="0.198"/>
  <testcase name="evaluateKNNVersicolor" classname="org.jpmml.sklearn.ClassifierTest" time="0.093"/>
  <testcase name="evaluateSVCAudit" classname="org.jpmml.sklearn.ClassifierTest" time="1.878"/>
  <testcase name="evaluateSVCIris" classname="org.jpmml.sklearn.ClassifierTest" time="0.017"/>
  <testcase name="evaluateLGBMIris" classname="org.jpmml.sklearn.ClassifierTest" time="0.036"/>
  <testcase name="evaluateLogisticRegressionEnsembleAudit" classname="org.jpmml.sklearn.ClassifierTest" time="0.141"/>
  <testcase name="evaluateNaiveBayesAudit" classname="org.jpmml.sklearn.ClassifierTest" time="4.646"/>
  <testcase name="evaluateDecisionTreeAuditNA" classname="org.jpmml.sklearn.ClassifierTest" time="0.04"/>
  <testcase name="evaluateRandomForestIris" classname="org.jpmml.sklearn.ClassifierTest" time="0.025"/>
  <testcase name="evaluatExtraTreesAudit" classname="org.jpmml.sklearn.ClassifierTest" time="0.322"/>
  <testcase name="evaluateLogisticRegressionAudit" classname="org.jpmml.sklearn.ClassifierTest" time="0.089"/>
  <testcase name="evaluateLGBMAudit" classname="org.jpmml.sklearn.ClassifierTest" time="0.14"/>
  <testcase name="evaluateSVCVersicolor" classname="org.jpmml.sklearn.ClassifierTest" time="0.022"/>
  <testcase name="evaluateLinearDiscriminantAnalysisIris" classname="org.jpmml.sklearn.ClassifierTest" time="0.015"/>
  <testcase name="evaluateDecisionTreeVersicolor" classname="org.jpmml.sklearn.ClassifierTest" time="0.004"/>
  <testcase name="evaluateRidgeEnsembleAudit" classname="org.jpmml.sklearn.ClassifierTest" time="0.11"/>
  <testcase name="evaluateExtraTreesIris" classname="org.jpmml.sklearn.ClassifierTest" time="0.018"/>
  <testcase name="evaluateKNNIris" classname="org.jpmml.sklearn.ClassifierTest" time="0.037"/>
  <testcase name="evaluateSGDLogVersicolor" classname="org.jpmml.sklearn.ClassifierTest" time="0.01"/>
  <testcase name="evaluateDummyIris" classname="org.jpmml.sklearn.ClassifierTest" time="0.004"/>
  <testcase name="evaluateSGDVersicolor" classname="org.jpmml.sklearn.ClassifierTest" time="0.008"/>
  <testcase name="evaluateNaiveBayesIris" classname="org.jpmml.sklearn.ClassifierTest" time="0.026"/>
  <testcase name="evaluateGradientBoostingAudit" classname="org.jpmml.sklearn.ClassifierTest" time="0.428"/>
  <testcase name="evaluateLogisticRegressionIris" classname="org.jpmml.sklearn.ClassifierTest" time="0.012"/>
  <testcase name="evaluateDummyAudit" classname="org.jpmml.sklearn.ClassifierTest" time="0.015"/>
  <testcase name="evaluateDecisionTreeEnsembleIris" classname="org.jpmml.sklearn.ClassifierTest" time="0.014"/>
  <testcase name="evaluateRandomForestSentiment" classname="org.jpmml.sklearn.ClassifierTest" time="0.949"/>
  <testcase name="evaluateNuSVCIris" classname="org.jpmml.sklearn.ClassifierTest" time="0.016"/>
  <testcase name="evaluateSGDLogIris" classname="org.jpmml.sklearn.ClassifierTest" time="0.012"/>
  <testcase name="evaluateLogisticRegressionAuditNA" classname="org.jpmml.sklearn.ClassifierTest" time="0.023"/>
  <testcase name="evaluateDecisionTreeAuditDict" classname="org.jpmml.sklearn.ClassifierTest" time="0.025"/>
  <testcase name="evaluateRidgeIris" classname="org.jpmml.sklearn.ClassifierTest" time="0.01"/>
  <testcase name="evaluateRidgeEnsembleIris" classname="org.jpmml.sklearn.ClassifierTest" time="0.011"/>
  <testcase name="evaluateMLPIris" classname="org.jpmml.sklearn.ClassifierTest" time="0.014"/>
  <testcase name="evaluateDummyVersicolor" classname="org.jpmml.sklearn.ClassifierTest" time="0.003"/>
  <testcase name="evaluateVotingEnsembleIris" classname="org.jpmml.sklearn.ClassifierTest" time="0.03"/>
  <testcase name="evaluateDecisionTreeEnsembleAudit" classname="org.jpmml.sklearn.ClassifierTest" time="0.138"/>
  <testcase name="evaluateLogisticRegressionAuditDict" classname="org.jpmml.sklearn.ClassifierTest" time="0.021"/>
  <testcase name="evaluateLogisticRegressionSentiment" classname="org.jpmml.sklearn.ClassifierTest" time="1.553"/>
  <testcase name="evaluateVotingEnsembleAudit" classname="org.jpmml.sklearn.ClassifierTest" time="5.022"/>
  <testcase name="evaluateRandomForestAudit" classname="org.jpmml.sklearn.ClassifierTest" time="0.246"/>
</testsuite>